Warning: sta.tcl, 5 report_checks -verbose is not a known keyword or flag.
Startpoint: ctrl (input port clocked by MYCLK)
Endpoint: _50_ (rising edge-triggered flip-flop clocked by MYCLK)
Path Group: MYCLK
Path Type: min

Fanout       Cap      Slew     Delay      Time   Description
------------------------------------------------------------------------------------
                   0.0000    0.0000    0.0000   clock MYCLK (rise edge)
                             2.0000    2.0000   clock network delay (ideal)
                             1.0000    3.0000 ^ input external delay
                   0.1000    0.0000    3.0000 ^ ctrl (in)
    5    0.0163                                 ctrl (net)
                   0.1000    0.0000    3.0000 ^ _37_/B (sky130_fd_sc_hd__xnor2_1)
                   0.0994    0.1476    3.1476 v _37_/Y (sky130_fd_sc_hd__xnor2_1)
    2    0.0044                                 _19_ (net)
                   0.0994    0.0000    3.1476 v _39_/A2 (sky130_fd_sc_hd__a21oi_1)
                   0.1315    0.2080    3.3555 ^ _39_/Y (sky130_fd_sc_hd__a21oi_1)
    1    0.0015                                 _10_ (net)
                   0.1315    0.0000    3.3555 ^ _50_/D (sky130_fd_sc_hd__dfxtp_1)
                                       3.3555   data arrival time

                   0.0000    0.0000    0.0000   clock MYCLK (rise edge)
                             2.0000    2.0000   clock network delay (ideal)
                             0.1000    2.1000   clock uncertainty
                             0.0000    2.1000   clock reconvergence pessimism
                                       2.1000 ^ _50_/CLK (sky130_fd_sc_hd__dfxtp_1)
                            -0.0975    2.0025   library hold time
                                       2.0025   data required time
------------------------------------------------------------------------------------
                                       2.0025   data required time
                                      -3.3555   data arrival time
------------------------------------------------------------------------------------
                                       1.3530   slack (MET)


Startpoint: _50_ (rising edge-triggered flip-flop clocked by MYCLK)
Endpoint: _50_ (rising edge-triggered flip-flop clocked by MYCLK)
Path Group: MYCLK
Path Type: max

Fanout       Cap      Slew     Delay      Time   Description
------------------------------------------------------------------------------------
                   0.0000    0.0000    0.0000   clock MYCLK (rise edge)
                             2.0000    2.0000   clock network delay (ideal)
                   0.0000    0.0000    2.0000 ^ _50_/CLK (sky130_fd_sc_hd__dfxtp_1)
                   5.9392    4.7774    6.7774 ^ _50_/Q (sky130_fd_sc_hd__dfxtp_1)
    5    0.4113                                 count[1] (net)
                   5.9392    0.0000    6.7774 ^ _37_/A (sky130_fd_sc_hd__xnor2_1)
                   0.6636    1.1374    7.9149 v _37_/Y (sky130_fd_sc_hd__xnor2_1)
    2    0.0044                                 _19_ (net)
                   0.6636    0.0000    7.9149 v _38_/A2 (sky130_fd_sc_hd__o21bai_1)
                   0.5173    0.4298    8.3446 ^ _38_/Y (sky130_fd_sc_hd__o21bai_1)
    1    0.0025                                 _20_ (net)
                   0.5173    0.0000    8.3446 ^ _39_/B1 (sky130_fd_sc_hd__a21oi_1)
                   0.6481    0.1753    8.5199 v _39_/Y (sky130_fd_sc_hd__a21oi_1)
    1    0.0016                                 _10_ (net)
                   0.6481    0.0000    8.5199 v _50_/D (sky130_fd_sc_hd__dfxtp_1)
                                       8.5199   data arrival time

                   0.0000   10.0000   10.0000   clock MYCLK (rise edge)
                             2.0000   12.0000   clock network delay (ideal)
                            -0.5000   11.5000   clock uncertainty
                             0.0000   11.5000   clock reconvergence pessimism
                                      11.5000 ^ _50_/CLK (sky130_fd_sc_hd__dfxtp_1)
                            -0.5284   10.9716   library setup time
                                      10.9716   data required time
------------------------------------------------------------------------------------
                                      10.9716   data required time
                                      -8.5199   data arrival time
------------------------------------------------------------------------------------
                                       2.4517   slack (MET)


